2026-07-06 01:44:26,135 | INFO | ========== INÍCIO DO PIPELINE ==========
2026-07-06 01:44:26,135 | INFO | Gerando dados fictícios...
2026-07-06 01:44:29,052 | ERROR | 'DataFrame' object has no attribute 'append'
Traceback (most recent call last):
  File "C:\Users\rique\OneDrive\Documentos\Codigos\projetos-portifolio\Pipeline-ETL-Python\main.py", line 31, in main
    gerar_dados()
  File "C:\Users\rique\OneDrive\Documentos\Codigos\projetos-portifolio\Pipeline-ETL-Python\scripts\gerar_dados.py", line 172, in gerar_dados
    vendas = gerar_vendas(produtos)
             ^^^^^^^^^^^^^^^^^^^^^^
  File "C:\Users\rique\OneDrive\Documentos\Codigos\projetos-portifolio\Pipeline-ETL-Python\scripts\gerar_dados.py", line 127, in gerar_vendas
    vendas.append({
    ^^^^^^^^^^^^^
  File "C:\Users\rique\AppData\Local\Packages\PythonSoftwareFoundation.Python.3.12_qbz5n2kfra8p0\LocalCache\local-packages\Python312\site-packages\pandas\core\generic.py", line 6318, in __getattr__
    return object.__getattribute__(self, name)
           ^^^^^^^^^^^^^^^^^^^^^^^^^^^^^^^^^^^
AttributeError: 'DataFrame' object has no attribute 'append'. Did you mean: '_append'?
2026-07-06 01:48:27,552 | INFO | ========== INÍCIO DO PIPELINE ==========
2026-07-06 01:48:27,552 | INFO | Gerando dados fictícios...
2026-07-06 01:48:28,926 | INFO | Extraindo dados...
2026-07-06 01:48:29,072 | INFO | Validando dados...
2026-07-06 01:48:29,073 | INFO | Transformando dados...
2026-07-06 01:48:29,123 | INFO | Salvando SQLite...
2026-07-06 01:48:29,199 | INFO | Gerando relatórios...
2026-07-06 01:48:29,209 | ERROR | No module named 'xlsxwriter'
Traceback (most recent call last):
  File "C:\Users\rique\OneDrive\Documentos\Codigos\projetos-portifolio\Pipeline-ETL-Python\main.py", line 50, in main
    gerar_relatorios(dados)
  File "C:\Users\rique\OneDrive\Documentos\Codigos\projetos-portifolio\Pipeline-ETL-Python\scripts\relatorio.py", line 52, in gerar_relatorios
    with pd.ExcelWriter(
         ^^^^^^^^^^^^^^^
  File "C:\Users\rique\AppData\Local\Packages\PythonSoftwareFoundation.Python.3.12_qbz5n2kfra8p0\LocalCache\local-packages\Python312\site-packages\pandas\io\excel\_xlsxwriter.py", line 197, in __init__
    from xlsxwriter import Workbook
ModuleNotFoundError: No module named 'xlsxwriter'
2026-07-06 01:48:51,203 | INFO | ========== INÍCIO DO PIPELINE ==========
2026-07-06 01:48:51,204 | INFO | Gerando dados fictícios...
2026-07-06 01:48:52,602 | INFO | Extraindo dados...
2026-07-06 01:48:52,702 | INFO | Validando dados...
2026-07-06 01:48:52,703 | INFO | Transformando dados...
2026-07-06 01:48:52,722 | INFO | Salvando SQLite...
2026-07-06 01:48:52,785 | INFO | Gerando relatórios...
2026-07-06 01:48:52,791 | ERROR | No module named 'xlsxwriter'
Traceback (most recent call last):
  File "C:\Users\rique\OneDrive\Documentos\Codigos\projetos-portifolio\Pipeline-ETL-Python\main.py", line 50, in main
    gerar_relatorios(dados)
  File "C:\Users\rique\OneDrive\Documentos\Codigos\projetos-portifolio\Pipeline-ETL-Python\scripts\relatorio.py", line 52, in gerar_relatorios
    with pd.ExcelWriter(
         ^^^^^^^^^^^^^^^
  File "C:\Users\rique\AppData\Local\Packages\PythonSoftwareFoundation.Python.3.12_qbz5n2kfra8p0\LocalCache\local-packages\Python312\site-packages\pandas\io\excel\_xlsxwriter.py", line 197, in __init__
    from xlsxwriter import Workbook
ModuleNotFoundError: No module named 'xlsxwriter'
2026-07-06 01:50:07,744 | INFO | ========== INÍCIO DO PIPELINE ==========
2026-07-06 01:50:07,749 | INFO | Gerando dados fictícios...
2026-07-06 01:50:09,943 | INFO | Extraindo dados...
2026-07-06 01:50:10,368 | INFO | Validando dados...
2026-07-06 01:50:10,368 | INFO | Transformando dados...
2026-07-06 01:50:10,399 | INFO | Salvando SQLite...
2026-07-06 01:50:10,474 | INFO | Gerando relatórios...
2026-07-06 01:50:11,843 | INFO | PIPELINE FINALIZADO COM SUCESSO!
2026-07-06 04:54:59,276 | INFO | ========== INÍCIO DO PIPELINE ==========
2026-07-06 04:54:59,277 | INFO | Gerando dados fictícios...
2026-07-06 04:55:00,901 | INFO | Extraindo dados...
2026-07-06 04:55:01,207 | INFO | Validando dados...
2026-07-06 04:55:01,207 | INFO | Transformando dados...
2026-07-06 04:55:01,236 | INFO | Salvando SQLite...
2026-07-06 04:55:01,705 | INFO | Gerando relatórios...
2026-07-06 04:55:02,768 | INFO | PIPELINE FINALIZADO COM SUCESSO!
